<?xml version="1.0" encoding="UTF-8"?>
<!-- Generated by org.testng.reporters.JUnitXMLReporter -->
<testsuite ignored="0" hostname="DESKTOP-QM3UG1I" failures="1" tests="4" name="ChromeTest" time="38.417" errors="0" timestamp="2026-04-30T20:25:26 IST">
  <testcase classname="testCases.TC002_AccountLoginTest" name="loginToAccount" time="10.997">
    <failure type="java.lang.AssertionError" message="expected [My Account] but found [no such element: Unable to locate element: {&amp;quot;method&amp;quot;:&amp;quot;xpath&amp;quot;,&amp;quot;selector&amp;quot;:&amp;quot;//h1[text()=&amp;apos;My Account&amp;apos;]&amp;quot;}
  (Session info: chrome=148.0.7778.56)
For documentation on this error, please visit: https://www.selenium.dev/documentation/webdriver/troubleshooting/errors#nosuchelementexception
Build info: version: &amp;apos;4.43.0&amp;apos;, revision: &amp;apos;dd0f534&amp;apos;
System info: os.name: &amp;apos;Windows 11&amp;apos;, os.arch: &amp;apos;amd64&amp;apos;, os.version: &amp;apos;10.0&amp;apos;, java.version: &amp;apos;21.0.6&amp;apos;
Driver info: org.openqa.selenium.chrome.ChromeDriver
Command: [38afe43dad60172d5a46b27983488cbe, findElement {using=xpath, value=//h1[text()=&amp;apos;My Account&amp;apos;]}]
Capabilities {acceptInsecureCerts: false, browserName: chrome, browserVersion: 148.0.7778.56, chrome: {chromedriverVersion: 148.0.7778.97 (6b3fa66a923a..., userDataDir: C:\Users\vrushabh\AppData\L...}, fedcm:accounts: true, goog:chromeOptions: {debuggerAddress: localhost:62224}, goog:processID: 6076, networkConnectionEnabled: false, pageLoadStrategy: normal, platformName: windows, proxy: Proxy(), se:cdp: ws://localhost:62224/devtoo..., se:cdpVersion: 148.0.7778.56, setWindowRect: true, strictFileInteractability: false, timeouts: {implicit: 0, pageLoad: 300000, script: 30000}, unhandledPromptBehavior: dismiss and notify, webauthn:extension:credBlob: true, webauthn:extension:largeBlob: true, webauthn:extension:minPinLength: true, webauthn:extension:prf: true, webauthn:virtualAuthenticators: true}
Session ID: 38afe43dad60172d5a46b27983488cbe]">
      <![CDATA[java.lang.AssertionError: expected [My Account] but found [no such element: Unable to locate element: {"method":"xpath","selector":"//h1[text()='My Account']"}
  (Session info: chrome=148.0.7778.56)
For documentation on this error, please visit: https://www.selenium.dev/documentation/webdriver/troubleshooting/errors#nosuchelementexception
Build info: version: '4.43.0', revision: 'dd0f534'
System info: os.name: 'Windows 11', os.arch: 'amd64', os.version: '10.0', java.version: '21.0.6'
Driver info: org.openqa.selenium.chrome.ChromeDriver
Command: [38afe43dad60172d5a46b27983488cbe, findElement {using=xpath, value=//h1[text()='My Account']}]
Capabilities {acceptInsecureCerts: false, browserName: chrome, browserVersion: 148.0.7778.56, chrome: {chromedriverVersion: 148.0.7778.97 (6b3fa66a923a..., userDataDir: C:\Users\vrushabh\AppData\L...}, fedcm:accounts: true, goog:chromeOptions: {debuggerAddress: localhost:62224}, goog:processID: 6076, networkConnectionEnabled: false, pageLoadStrategy: normal, platformName: windows, proxy: Proxy(), se:cdp: ws://localhost:62224/devtoo..., se:cdpVersion: 148.0.7778.56, setWindowRect: true, strictFileInteractability: false, timeouts: {implicit: 0, pageLoad: 300000, script: 30000}, unhandledPromptBehavior: dismiss and notify, webauthn:extension:credBlob: true, webauthn:extension:largeBlob: true, webauthn:extension:minPinLength: true, webauthn:extension:prf: true, webauthn:virtualAuthenticators: true}
Session ID: 38afe43dad60172d5a46b27983488cbe]
at testCases.TC002_AccountLoginTest.loginToAccount(TC002_AccountLoginTest.java:39)
at java.base/java.util.ArrayList.forEach(ArrayList.java:1596)
... Removed 31 stack frames]]>
    </failure>
  </testcase> <!-- loginToAccount -->
  <testcase classname="testCases.TC003LoginDataDrivenTesting" name="loginDDT" time="1.532"/>
  <testcase classname="testCases.TC003LoginDataDrivenTesting" name="loginDDT" time="10.58"/>
  <testcase classname="testCases.TC003LoginDataDrivenTesting" name="loginDDT" time="10.525"/>
</testsuite> <!-- ChromeTest -->
