<?xml version="1.0" encoding="UTF-8"?>
<!-- Generated by org.testng.reporters.JUnitXMLReporter -->
<testsuite ignored="1" hostname="DESKTOP-QM3UG1I" failures="1" tests="1" name="grouping" time="0.154" errors="0" timestamp="2026-04-29T20:39:34 IST">
  <testcase classname="testCases.TC002_AccountLoginTest" name="loginToAccount" time="0.031">
    <failure type="java.lang.NullPointerException" message="Cannot invoke &amp;quot;org.apache.logging.log4j.Logger.info(String)&amp;quot; because &amp;quot;this.logger&amp;quot; is null">
      <![CDATA[java.lang.NullPointerException: Cannot invoke "org.apache.logging.log4j.Logger.info(String)" because "this.logger" is null
at testCases.TC002_AccountLoginTest.loginToAccount(TC002_AccountLoginTest.java:16)
at java.base/java.util.ArrayList.forEach(ArrayList.java:1596)
... Removed 25 stack frames]]>
    </failure>
  </testcase> <!-- loginToAccount -->
  <testcase classname="testCases.TC003LoginDataDrivenTesting" name="loginDDT" time="0.0">
    <ignored/>
  </testcase> <!-- loginDDT -->
</testsuite> <!-- grouping -->
