<?xml version="1.0" encoding="UTF-8"?>
<testng-results ignored="0" total="1" passed="1" failed="0" skipped="0">
  <reporter-output>
  </reporter-output>
  <suite started-at="2026-05-01T18:04:56 IST" name="Suite" finished-at="2026-05-01T18:05:00 IST" duration-ms="4362">
    <groups>
      <group name="sanity">
        <method signature="TC001_AccountRegisterationTest.createAccountRegister()[pri:0, instance:testCases.TC001_AccountRegisterationTest@66746f57]" name="createAccountRegister" class="testCases.TC001_AccountRegisterationTest"/>
      </group> <!-- sanity -->
    </groups>
    <test started-at="2026-05-01T18:04:56 IST" name="Test" finished-at="2026-05-01T18:05:00 IST" duration-ms="4362">
      <class name="testCases.TC001_AccountRegisterationTest">
        <test-method is-config="true" signature="setUp(java.lang.String,java.lang.String)[pri:0, instance:testCases.TC001_AccountRegisterationTest@66746f57]" started-at="2026-05-01T18:04:56 IST" name="setUp" finished-at="2026-05-01T18:04:57 IST" duration-ms="1847" status="PASS">
          <params>
            <param index="0">
              <value>
                <![CDATA[Windows]]>
              </value>
            </param>
            <param index="1">
              <value>
                <![CDATA[chrome]]>
              </value>
            </param>
          </params>
          <reporter-output>
          </reporter-output>
        </test-method> <!-- setUp -->
        <test-method signature="createAccountRegister()[pri:0, instance:testCases.TC001_AccountRegisterationTest@66746f57]" started-at="2026-05-01T18:04:58 IST" name="createAccountRegister" finished-at="2026-05-01T18:05:00 IST" duration-ms="2245" status="PASS">
          <reporter-output>
          </reporter-output>
        </test-method> <!-- createAccountRegister -->
        <test-method is-config="true" signature="tearDown()[pri:0, instance:testCases.TC001_AccountRegisterationTest@66746f57]" started-at="2026-05-01T18:05:00 IST" name="tearDown" finished-at="2026-05-01T18:05:00 IST" duration-ms="208" status="PASS">
          <reporter-output>
          </reporter-output>
        </test-method> <!-- tearDown -->
      </class> <!-- testCases.TC001_AccountRegisterationTest -->
    </test> <!-- Test -->
  </suite> <!-- Suite -->
</testng-results>
