<?xml version="1.0" encoding="UTF-8"?>
<testng-results ignored="0" total="1" passed="0" failed="1" skipped="0">
  <reporter-output>
  </reporter-output>
  <suite started-at="2026-04-30T22:19:34 IST" name="Suite" finished-at="2026-04-30T22:19:47 IST" duration-ms="13358">
    <groups>
      <group name="regression">
        <method signature="TC002_AccountLoginTest.loginToAccount()[pri:0, instance:testCases.TC002_AccountLoginTest@3ecd267f]" name="loginToAccount" class="testCases.TC002_AccountLoginTest"/>
      </group> <!-- regression -->
    </groups>
    <test started-at="2026-04-30T22:19:34 IST" name="Test" finished-at="2026-04-30T22:19:47 IST" duration-ms="13358">
      <class name="testCases.TC002_AccountLoginTest">
        <test-method is-config="true" signature="setUp(java.lang.String,java.lang.String)[pri:0, instance:testCases.TC002_AccountLoginTest@3ecd267f]" started-at="2026-04-30T22:19:34 IST" name="setUp" finished-at="2026-04-30T22:19:35 IST" duration-ms="1761" status="PASS">
          <params>
            <param index="0">
              <value>
                <![CDATA[Windows]]>
              </value>
            </param>
            <param index="1">
              <value>
                <![CDATA[chrome]]>
              </value>
            </param>
          </params>
          <reporter-output>
          </reporter-output>
        </test-method> <!-- setUp -->
        <test-method signature="loginToAccount()[pri:0, instance:testCases.TC002_AccountLoginTest@3ecd267f]" started-at="2026-04-30T22:19:35 IST" name="loginToAccount" finished-at="2026-04-30T22:19:47 IST" duration-ms="11316" status="FAIL">
          <exception class="java.lang.AssertionError">
            <message>
              <![CDATA[expected [My Account] but found [no such element: Unable to locate element: {"method":"xpath","selector":"//h1[text()='My Account']"}
  (Session info: chrome=148.0.7778.56)
For documentation on this error, please visit: https://www.selenium.dev/documentation/webdriver/troubleshooting/errors#nosuchelementexception
Build info: version: '4.43.0', revision: 'dd0f534'
System info: os.name: 'Windows 11', os.arch: 'amd64', os.version: '10.0', java.version: '21.0.6'
Driver info: org.openqa.selenium.chrome.ChromeDriver
Command: [3da9af7d1f61a58ed2683927f72a04e6, findElement {using=xpath, value=//h1[text()='My Account']}]
Capabilities {acceptInsecureCerts: false, browserName: chrome, browserVersion: 148.0.7778.56, chrome: {chromedriverVersion: 148.0.7778.97 (6b3fa66a923a..., userDataDir: C:\Users\vrushabh\AppData\L...}, fedcm:accounts: true, goog:chromeOptions: {debuggerAddress: localhost:57624}, goog:processID: 21428, networkConnectionEnabled: false, pageLoadStrategy: normal, platformName: windows, proxy: Proxy(), se:cdp: ws://localhost:57624/devtoo..., se:cdpVersion: 148.0.7778.56, setWindowRect: true, strictFileInteractability: false, timeouts: {implicit: 0, pageLoad: 300000, script: 30000}, unhandledPromptBehavior: dismiss and notify, webauthn:extension:credBlob: true, webauthn:extension:largeBlob: true, webauthn:extension:minPinLength: true, webauthn:extension:prf: true, webauthn:virtualAuthenticators: true}
Session ID: 3da9af7d1f61a58ed2683927f72a04e6]]]>
            </message>
            <full-stacktrace>
              <![CDATA[java.lang.AssertionError: expected [My Account] but found [no such element: Unable to locate element: {"method":"xpath","selector":"//h1[text()='My Account']"}
  (Session info: chrome=148.0.7778.56)
For documentation on this error, please visit: https://www.selenium.dev/documentation/webdriver/troubleshooting/errors#nosuchelementexception
Build info: version: '4.43.0', revision: 'dd0f534'
System info: os.name: 'Windows 11', os.arch: 'amd64', os.version: '10.0', java.version: '21.0.6'
Driver info: org.openqa.selenium.chrome.ChromeDriver
Command: [3da9af7d1f61a58ed2683927f72a04e6, findElement {using=xpath, value=//h1[text()='My Account']}]
Capabilities {acceptInsecureCerts: false, browserName: chrome, browserVersion: 148.0.7778.56, chrome: {chromedriverVersion: 148.0.7778.97 (6b3fa66a923a..., userDataDir: C:\Users\vrushabh\AppData\L...}, fedcm:accounts: true, goog:chromeOptions: {debuggerAddress: localhost:57624}, goog:processID: 21428, networkConnectionEnabled: false, pageLoadStrategy: normal, platformName: windows, proxy: Proxy(), se:cdp: ws://localhost:57624/devtoo..., se:cdpVersion: 148.0.7778.56, setWindowRect: true, strictFileInteractability: false, timeouts: {implicit: 0, pageLoad: 300000, script: 30000}, unhandledPromptBehavior: dismiss and notify, webauthn:extension:credBlob: true, webauthn:extension:largeBlob: true, webauthn:extension:minPinLength: true, webauthn:extension:prf: true, webauthn:virtualAuthenticators: true}
Session ID: 3da9af7d1f61a58ed2683927f72a04e6]
at org.testng.Assert.fail(Assert.java:111)
at org.testng.Assert.failNotEquals(Assert.java:1578)
at org.testng.Assert.assertEqualsImpl(Assert.java:150)
at org.testng.Assert.assertEquals(Assert.java:132)
at org.testng.Assert.assertEquals(Assert.java:656)
at org.testng.Assert.assertEquals(Assert.java:666)
at testCases.TC002_AccountLoginTest.loginToAccount(TC002_AccountLoginTest.java:39)
at java.base/jdk.internal.reflect.DirectMethodHandleAccessor.invoke(DirectMethodHandleAccessor.java:103)
at java.base/java.lang.reflect.Method.invoke(Method.java:580)
at org.testng.internal.invokers.MethodInvocationHelper.invokeMethod(MethodInvocationHelper.java:141)
at org.testng.internal.invokers.TestInvoker.invokeMethod(TestInvoker.java:686)
at org.testng.internal.invokers.TestInvoker.invokeTestMethod(TestInvoker.java:230)
at org.testng.internal.invokers.MethodRunner.runInSequence(MethodRunner.java:63)
at org.testng.internal.invokers.TestInvoker$MethodInvocationAgent.invoke(TestInvoker.java:992)
at org.testng.internal.invokers.TestInvoker.invokeTestMethods(TestInvoker.java:203)
at org.testng.internal.invokers.TestMethodWorker.invokeTestMethods(TestMethodWorker.java:154)
at org.testng.internal.invokers.TestMethodWorker.run(TestMethodWorker.java:134)
at java.base/java.util.ArrayList.forEach(ArrayList.java:1596)
at org.testng.TestRunner.privateRun(TestRunner.java:739)
at org.testng.TestRunner.run(TestRunner.java:614)
at org.testng.SuiteRunner.runTest(SuiteRunner.java:421)
at org.testng.SuiteRunner.runSequentially(SuiteRunner.java:413)
at org.testng.SuiteRunner.privateRun(SuiteRunner.java:373)
at org.testng.SuiteRunner.run(SuiteRunner.java:312)
at org.testng.SuiteRunnerWorker.runSuite(SuiteRunnerWorker.java:52)
at org.testng.SuiteRunnerWorker.run(SuiteRunnerWorker.java:95)
at org.testng.TestNG.runSuitesSequentially(TestNG.java:1274)
at org.testng.TestNG.runSuitesLocally(TestNG.java:1208)
at org.testng.TestNG.runSuites(TestNG.java:1112)
at org.testng.TestNG.run(TestNG.java:1079)
at org.testng.remote.AbstractRemoteTestNG.run(AbstractRemoteTestNG.java:115)
at org.testng.remote.RemoteTestNG.initAndRun(RemoteTestNG.java:293)
at org.testng.remote.RemoteTestNG.main(RemoteTestNG.java:91)
]]>
            </full-stacktrace>
          </exception> <!-- java.lang.AssertionError -->
          <reporter-output>
          </reporter-output>
        </test-method> <!-- loginToAccount -->
        <test-method is-config="true" signature="tearDown()[pri:0, instance:testCases.TC002_AccountLoginTest@3ecd267f]" started-at="2026-04-30T22:19:47 IST" name="tearDown" finished-at="2026-04-30T22:19:47 IST" duration-ms="90" status="PASS">
          <reporter-output>
          </reporter-output>
        </test-method> <!-- tearDown -->
      </class> <!-- testCases.TC002_AccountLoginTest -->
    </test> <!-- Test -->
  </suite> <!-- Suite -->
</testng-results>
