<?xml version="1.0" encoding="UTF-8"?>
<!-- Generated by org.testng.reporters.JUnitReportReporter -->
<testsuite hostname="DESKTOP-QM3UG1I" failures="0" tests="3" name="testCases.TC003LoginDataDrivenTesting" time="22.637" errors="0" timestamp="2026-04-30T20:25:26 IST" skipped="0">
  <testcase classname="testCases.TC003LoginDataDrivenTesting" name="loginDDT" time="1.532"/>
  <testcase classname="testCases.TC003LoginDataDrivenTesting" name="loginDDT" time="10.580"/>
  <testcase classname="testCases.TC003LoginDataDrivenTesting" name="loginDDT" time="10.525"/>
</testsuite> <!-- testCases.TC003LoginDataDrivenTesting -->
